Java HotSpot(TM) 64-Bit Server VM (25.251-b08) for windows-amd64 JRE (1.8.0_251-b08), built on Mar 12 2020 06:31:49 by "" with MS VC++ 10.0 (VS2010)
Memory: 4k page, physical 8247820k(3621348k free), swap 16493740k(7173800k free)
CommandLine flags: -XX:InitialHeapSize=20971520 -XX:MaxHeapSize=31457280 -XX:+PrintFlagsFinal -XX:+PrintGC -XX:+PrintGCDetails -XX:+PrintGCTimeStamps -XX:+PrintTenuringDistribution -XX:+UseCompressedClassPointers -XX:+UseCompressedOops -XX:+UseG1GC -XX:-UseLargePagesIndividualAllocation 
29.585: [GC pause (G1 Humongous Allocation) (young) (initial-mark)
Desired survivor size 1048576 bytes, new threshold 15 (max 15)
, 0.0042277 secs]
   [Parallel Time: 2.8 ms, GC Workers: 4]
      [GC Worker Start (ms): Min: 29585.2, Avg: 29585.3, Max: 29585.3, Diff: 0.1]
      [Ext Root Scanning (ms): Min: 0.6, Avg: 0.7, Max: 0.8, Diff: 0.2, Sum: 2.7]
      [Update RS (ms): Min: 0.0, Avg: 0.0, Max: 0.0, Diff: 0.0, Sum: 0.0]
         [Processed Buffers: Min: 0, Avg: 0.0, Max: 0, Diff: 0, Sum: 0]
      [Scan RS (ms): Min: 0.0, Avg: 0.0, Max: 0.0, Diff: 0.0, Sum: 0.0]
      [Code Root Scanning (ms): Min: 0.0, Avg: 0.1, Max: 0.2, Diff: 0.2, Sum: 0.2]
      [Object Copy (ms): Min: 1.6, Avg: 1.7, Max: 1.8, Diff: 0.2, Sum: 7.0]
      [Termination (ms): Min: 0.0, Avg: 0.0, Max: 0.0, Diff: 0.0, Sum: 0.0]
         [Termination Attempts: Min: 1, Avg: 1.0, Max: 1, Diff: 0, Sum: 4]
      [GC Worker Other (ms): Min: 0.0, Avg: 0.1, Max: 0.2, Diff: 0.2, Sum: 0.5]
      [GC Worker Total (ms): Min: 2.6, Avg: 2.6, Max: 2.7, Diff: 0.1, Sum: 10.4]
      [GC Worker End (ms): Min: 29587.9, Avg: 29587.9, Max: 29587.9, Diff: 0.0]
   [Code Root Fixup: 0.0 ms]
   [Code Root Purge: 0.0 ms]
   [Clear CT: 0.5 ms]
   [Other: 1.0 ms]
      [Choose CSet: 0.0 ms]
      [Ref Proc: 0.3 ms]
      [Ref Enq: 0.0 ms]
      [Redirty Cards: 0.5 ms]
      [Humongous Register: 0.0 ms]
      [Humongous Reclaim: 0.0 ms]
      [Free CSet: 0.0 ms]
   [Eden: 3072.0K(12.0M)->0.0B(5120.0K) Survivors: 0.0B->1024.0K Heap: 6638.0K(20.0M)->5016.1K(20.0M)]
 [Times: user=0.00 sys=0.00, real=0.01 secs] 
29.590: [GC concurrent-root-region-scan-start]
29.592: [GC concurrent-root-region-scan-end, 0.0020899 secs]
29.592: [GC concurrent-mark-start]
29.592: [GC concurrent-mark-end, 0.0000882 secs]
29.592: [GC remark 29.592: [Finalize Marking, 0.0001960 secs] 29.592: [GC ref-proc, 0.0001966 secs] 29.593: [Unloading, 0.0011269 secs], 0.0018673 secs]
 [Times: user=0.00 sys=0.00, real=0.00 secs] 
29.594: [GC cleanup 6040K->6040K(20M), 0.0006563 secs]
 [Times: user=0.00 sys=0.00, real=0.00 secs] 
79.597: [GC pause (G1 Humongous Allocation) (young)
Desired survivor size 524288 bytes, new threshold 1 (max 15)
- age   1:     855944 bytes,     855944 total
 (to-space exhausted), 0.0134735 secs]
   [Parallel Time: 9.7 ms, GC Workers: 4]
      [GC Worker Start (ms): Min: 79597.0, Avg: 79597.1, Max: 79597.1, Diff: 0.1]
      [Ext Root Scanning (ms): Min: 0.5, Avg: 2.8, Max: 9.6, Diff: 9.1, Sum: 11.1]
      [Update RS (ms): Min: 0.0, Avg: 0.0, Max: 0.0, Diff: 0.0, Sum: 0.0]
         [Processed Buffers: Min: 0, Avg: 0.0, Max: 0, Diff: 0, Sum: 0]
      [Scan RS (ms): Min: 0.0, Avg: 0.0, Max: 0.0, Diff: 0.0, Sum: 0.0]
      [Code Root Scanning (ms): Min: 0.0, Avg: 0.3, Max: 1.1, Diff: 1.1, Sum: 1.1]
      [Object Copy (ms): Min: 0.0, Avg: 4.3, Max: 6.2, Diff: 6.2, Sum: 17.2]
      [Termination (ms): Min: 0.0, Avg: 2.2, Max: 3.3, Diff: 3.3, Sum: 8.9]
         [Termination Attempts: Min: 1, Avg: 1.0, Max: 1, Diff: 0, Sum: 4]
      [GC Worker Other (ms): Min: 0.0, Avg: 0.0, Max: 0.0, Diff: 0.0, Sum: 0.1]
      [GC Worker Total (ms): Min: 9.5, Avg: 9.6, Max: 9.6, Diff: 0.1, Sum: 38.3]
      [GC Worker End (ms): Min: 79606.6, Avg: 79606.6, Max: 79606.7, Diff: 0.0]
   [Code Root Fixup: 0.0 ms]
   [Code Root Purge: 0.0 ms]
   [Clear CT: 0.5 ms]
   [Other: 3.3 ms]
      [Evacuation Failure: 2.4 ms]
      [Choose CSet: 0.0 ms]
      [Ref Proc: 0.2 ms]
      [Ref Enq: 0.0 ms]
      [Redirty Cards: 0.5 ms]
      [Humongous Register: 0.0 ms]
      [Humongous Reclaim: 0.0 ms]
      [Free CSet: 0.0 ms]
   [Eden: 1024.0K(5120.0K)->0.0B(1024.0K) Survivors: 1024.0K->0.0B Heap: 15.0M(30.0M)->15.0M(30.0M)]
 [Times: user=0.06 sys=0.00, real=0.01 secs] 
79.611: [Full GC (Allocation Failure)  14M->14M(30M), 0.0072011 secs]
   [Eden: 0.0B(1024.0K)->0.0B(1024.0K) Survivors: 0.0B->0.0B Heap: 15.0M(30.0M)->14.8M(30.0M)], [Metaspace: 3612K->3606K(1056768K)]
 [Times: user=0.00 sys=0.00, real=0.01 secs] 
79.618: [Full GC (Allocation Failure)  14M->14M(30M), 0.0061633 secs]
   [Eden: 0.0B(1024.0K)->0.0B(1024.0K) Survivors: 0.0B->0.0B Heap: 14.8M(30.0M)->14.8M(30.0M)], [Metaspace: 3606K->3606K(1056768K)]
 [Times: user=0.02 sys=0.00, real=0.01 secs] 
Heap
 garbage-first heap   total 30720K, used 15119K [0x00000000fe200000, 0x00000000fe3000f0, 0x0000000100000000)
  region size 1024K, 1 young (1024K), 0 survivors (0K)
 Metaspace       used 3637K, capacity 4620K, committed 4864K, reserved 1056768K
  class space    used 402K, capacity 453K, committed 512K, reserved 1048576K
